[0407/162127.777:ERROR:process_reader_win.cc(123)] NtOpenThread: {Access Denied} A process has requested access to an object, but has not been granted those access rights. (0xc0000022)
[0407/162127.790:ERROR:exception_snapshot_win.cc(98)] thread ID 3848 not found in process
[0407/162127.855:ERROR:process_info.cc(329)] VirtualQueryEx: Access is denied. (0x5)
[0407/162127.856:ERROR:process_info.cc(556)] ReadMemoryInfo failed
[0407/162127.856:ERROR:process_memory_win.cc(39)] Failed to initialize ProcessInfo.
[0407/162127.856:ERROR:scoped_process_suspend.cc(40)] NtResumeProcess: An attempt was made to access an exiting process. (0xc000010a)
[0407/162725.814:ERROR:process_reader_win.cc(123)] NtOpenThread: {Access Denied} A process has requested access to an object, but has not been granted those access rights. (0xc0000022)
[0407/162725.827:ERROR:exception_snapshot_win.cc(98)] thread ID 5228 not found in process
[0407/162725.890:ERROR:process_info.cc(329)] VirtualQueryEx: Access is denied. (0x5)
[0407/162725.890:ERROR:process_info.cc(556)] ReadMemoryInfo failed
[0407/162725.890:ERROR:scoped_process_suspend.cc(40)] NtResumeProcess: An attempt was made to access an exiting process. (0xc000010a)
[0407/162725.953:ERROR:process_reader_win.cc(123)] NtOpenThread: {Access Denied} A process has requested access to an object, but has not been granted those access rights. (0xc0000022)
[0407/162725.954:ERROR:exception_snapshot_win.cc(98)] thread ID 10072 not found in process
[0407/162726.026:ERROR:process_info.cc(329)] VirtualQueryEx: Access is denied. (0x5)
[0407/162726.027:ERROR:process_info.cc(556)] ReadMemoryInfo failed
[0407/162726.027:ERROR:process_memory_win.cc(39)] Failed to initialize ProcessInfo.
[0407/162726.027:ERROR:scoped_process_suspend.cc(40)] NtResumeProcess: An attempt was made to access an exiting process. (0xc000010a)
[0407/164834.184:ERROR:process_reader_win.cc(123)] NtOpenThread: {Access Denied} A process has requested access to an object, but has not been granted those access rights. (0xc0000022)
[0407/164834.138:ERROR:process_reader_win.cc(123)] NtOpenThread: {Access Denied} A process has requested access to an object, but has not been granted those access rights. (0xc0000022)
[0407/164834.122:ERROR:process_reader_win.cc(123)] NtOpenThread: {Access Denied} A process has requested access to an object, but has not been granted those access rights. (0xc0000022)
[0407/164833.902:ERROR:process_reader_win.cc(123)] NtOpenThread: {Access Denied} A process has requested access to an object, but has not been granted those access rights. (0xc0000022)
[0407/164833.799:ERROR:process_reader_win.cc(123)] NtOpenThread: {Access Denied} A process has requested access to an object, but has not been granted those access rights. (0xc0000022)
[0407/164834.159:ERROR:process_reader_win.cc(123)] NtOpenThread: {Access Denied} A process has requested access to an object, but has not been granted those access rights. (0xc0000022)
[0407/164834.054:ERROR:process_reader_win.cc(123)] NtOpenThread: {Access Denied} A process has requested access to an object, but has not been granted those access rights. (0xc0000022)
[0407/164833.842:ERROR:process_reader_win.cc(123)] NtOpenThread: {Access Denied} A process has requested access to an object, but has not been granted those access rights. (0xc0000022)
[0407/164834.772:ERROR:exception_snapshot_win.cc(98)] thread ID 116 not found in process
[0407/164834.772:ERROR:exception_snapshot_win.cc(98)] thread ID 7488 not found in process
[0407/164834.772:ERROR:exception_snapshot_win.cc(98)] thread ID 6104 not found in process
[0407/164834.772:ERROR:exception_snapshot_win.cc(98)] thread ID 8180 not found in process
[0407/164834.772:ERROR:exception_snapshot_win.cc(98)] thread ID 10204 not found in process
[0407/164834.772:ERROR:exception_snapshot_win.cc(98)] thread ID 8896 not found in process
[0407/164834.772:ERROR:exception_snapshot_win.cc(98)] thread ID 1908 not found in process
[0407/164834.773:ERROR:exception_snapshot_win.cc(98)] thread ID 8096 not found in process
[0407/173957.078:ERROR:process_reader_win.cc(123)] NtOpenThread: {Access Denied} A process has requested access to an object, but has not been granted those access rights. (0xc0000022)
[0407/173957.265:ERROR:process_reader_win.cc(123)] NtOpenThread: {Access Denied} A process has requested access to an object, but has not been granted those access rights. (0xc0000022)
[0407/173957.085:ERROR:process_reader_win.cc(123)] NtOpenThread: {Access Denied} A process has requested access to an object, but has not been granted those access rights. (0xc0000022)
[0407/173957.792:ERROR:exception_snapshot_win.cc(98)] thread ID 7860 not found in process
[0407/173957.792:ERROR:exception_snapshot_win.cc(98)] thread ID 8536 not found in process
[0407/173957.792:ERROR:exception_snapshot_win.cc(98)] thread ID 7856 not found in process
[0407/174859.795:ERROR:process_reader_win.cc(123)] NtOpenThread: {Access Denied} A process has requested access to an object, but has not been granted those access rights. (0xc0000022)
[0407/174859.890:ERROR:exception_snapshot_win.cc(98)] thread ID 8648 not found in process
[0407/174859.923:ERROR:process_info.cc(329)] VirtualQueryEx: Access is denied. (0x5)
[0407/174859.923:ERROR:process_info.cc(556)] ReadMemoryInfo failed
[0407/174859.923:ERROR:process_memory_win.cc(39)] Failed to initialize ProcessInfo.
[0407/174859.924:ERROR:scoped_process_suspend.cc(40)] NtResumeProcess: An attempt was made to access an exiting process. (0xc000010a)
[0407/181104.258:ERROR:process_reader_win.cc(123)] NtOpenThread: {Access Denied} A process has requested access to an object, but has not been granted those access rights. (0xc0000022)
[0407/181104.260:ERROR:process_reader_win.cc(123)] NtOpenThread: {Access Denied} A process has requested access to an object, but has not been granted those access rights. (0xc0000022)
[0407/181104.258:ERROR:process_reader_win.cc(123)] NtOpenThread: {Access Denied} A process has requested access to an object, but has not been granted those access rights. (0xc0000022)
[0407/181104.259:ERROR:process_reader_win.cc(123)] NtOpenThread: {Access Denied} A process has requested access to an object, but has not been granted those access rights. (0xc0000022)
[0407/181104.481:ERROR:exception_snapshot_win.cc(98)] thread ID 7428 not found in process
[0407/181104.481:ERROR:exception_snapshot_win.cc(98)] thread ID 5912 not found in process
[0407/181104.481:ERROR:exception_snapshot_win.cc(98)] thread ID 11096 not found in process
[0407/181104.481:ERROR:exception_snapshot_win.cc(98)] thread ID 7080 not found in process
[0407/181214.212:ERROR:process_reader_win.cc(123)] NtOpenThread: {Access Denied} A process has requested access to an object, but has not been granted those access rights. (0xc0000022)
[0407/181214.213:ERROR:exception_snapshot_win.cc(98)] thread ID 7116 not found in process
[0407/181214.267:ERROR:process_info.cc(329)] VirtualQueryEx: Access is denied. (0x5)
[0407/181214.267:ERROR:process_info.cc(556)] ReadMemoryInfo failed
[0407/181214.267:ERROR:process_memory_win.cc(39)] Failed to initialize ProcessInfo.
[0407/181214.324:ERROR:process_reader_win.cc(123)] NtOpenThread: {Access Denied} A process has requested access to an object, but has not been granted those access rights. (0xc0000022)
[0407/181214.324:ERROR:exception_snapshot_win.cc(98)] thread ID 1796 not found in process
[0407/181214.268:ERROR:scoped_process_suspend.cc(40)] NtResumeProcess: An attempt was made to access an exiting process. (0xc000010a)
[0407/184240.090:ERROR:process_reader_win.cc(123)] NtOpenThread: {Access Denied} A process has requested access to an object, but has not been granted those access rights. (0xc0000022)
[0407/184240.207:ERROR:exception_snapshot_win.cc(98)] thread ID 6796 not found in process
[0407/184240.219:ERROR:process_reader_win.cc(123)] NtOpenThread: {Access Denied} A process has requested access to an object, but has not been granted those access rights. (0xc0000022)
[0407/184240.220:ERROR:exception_snapshot_win.cc(98)] thread ID 10504 not found in process
[0407/184240.281:ERROR:process_info.cc(329)] VirtualQueryEx: Access is denied. (0x5)
[0407/184240.282:ERROR:process_info.cc(556)] ReadMemoryInfo failed
[0407/184240.282:ERROR:process_memory_win.cc(39)] Failed to initialize ProcessInfo.
[0407/184240.282:ERROR:scoped_process_suspend.cc(40)] NtResumeProcess: An attempt was made to access an exiting process. (0xc000010a)
[0407/184240.400:ERROR:process_info.cc(329)] VirtualQueryEx: Access is denied. (0x5)
[0407/184240.401:ERROR:process_info.cc(556)] ReadMemoryInfo failed
[0407/184240.401:ERROR:process_memory_win.cc(39)] Failed to initialize ProcessInfo.
[0407/184240.401:ERROR:scoped_process_suspend.cc(40)] NtResumeProcess: An attempt was made to access an exiting process. (0xc000010a)
[0407/204639.462:ERROR:process_reader_win.cc(123)] NtOpenThread: {Access Denied} A process has requested access to an object, but has not been granted those access rights. (0xc0000022)
[0407/204639.491:ERROR:exception_snapshot_win.cc(98)] thread ID 1056 not found in process
[0407/204639.536:ERROR:process_info.cc(329)] VirtualQueryEx: Access is denied. (0x5)
[0407/204639.536:ERROR:process_info.cc(556)] ReadMemoryInfo failed
[0407/204639.537:ERROR:scoped_process_suspend.cc(40)] NtResumeProcess: An attempt was made to access an exiting process. (0xc000010a)
[0407/204639.595:ERROR:process_reader_win.cc(123)] NtOpenThread: {Access Denied} A process has requested access to an object, but has not been granted those access rights. (0xc0000022)
[0407/204639.596:ERROR:exception_snapshot_win.cc(98)] thread ID 6524 not found in process
[0407/204639.608:ERROR:process_info.cc(329)] VirtualQueryEx: Access is denied. (0x5)
[0407/204639.609:ERROR:process_info.cc(556)] ReadMemoryInfo failed
[0407/204639.609:ERROR:process_memory_win.cc(39)] Failed to initialize ProcessInfo.
[0407/204639.609:ERROR:scoped_process_suspend.cc(40)] NtResumeProcess: An attempt was made to access an exiting process. (0xc000010a)
[0407/205226.940:ERROR:process_reader_win.cc(123)] NtOpenThread: {Access Denied} A process has requested access to an object, but has not been granted those access rights. (0xc0000022)
[0407/205227.045:ERROR:exception_snapshot_win.cc(98)] thread ID 8028 not found in process
[0407/205227.254:ERROR:process_reader_win.cc(123)] NtOpenThread: {Access Denied} A process has requested access to an object, but has not been granted those access rights. (0xc0000022)
[0407/205227.255:ERROR:exception_snapshot_win.cc(98)] thread ID 11128 not found in process
[0407/205227.296:ERROR:process_info.cc(329)] VirtualQueryEx: Access is denied. (0x5)
[0407/205227.296:ERROR:process_info.cc(556)] ReadMemoryInfo failed
[0407/205227.296:ERROR:process_memory_win.cc(39)] Failed to initialize ProcessInfo.
[0407/205227.296:ERROR:scoped_process_suspend.cc(40)] NtResumeProcess: An attempt was made to access an exiting process. (0xc000010a)
[0407/205227.359:ERROR:process_info.cc(329)] VirtualQueryEx: Access is denied. (0x5)
[0407/205227.360:ERROR:process_info.cc(556)] ReadMemoryInfo failed
[0407/205227.360:ERROR:process_memory_win.cc(39)] Failed to initialize ProcessInfo.
[0407/205227.360:ERROR:scoped_process_suspend.cc(40)] NtResumeProcess: An attempt was made to access an exiting process. (0xc000010a)
[0407/205430.023:ERROR:process_reader_win.cc(123)] NtOpenThread: {Access Denied} A process has requested access to an object, but has not been granted those access rights. (0xc0000022)
[0407/205430.024:ERROR:exception_snapshot_win.cc(98)] thread ID 9272 not found in process
[0407/205430.071:ERROR:process_info.cc(329)] VirtualQueryEx: Access is denied. (0x5)
[0407/205430.071:ERROR:process_info.cc(556)] ReadMemoryInfo failed
[0407/205430.071:ERROR:process_memory_win.cc(39)] Failed to initialize ProcessInfo.
[0407/205430.071:ERROR:scoped_process_suspend.cc(40)] NtResumeProcess: An attempt was made to access an exiting process. (0xc000010a)
[0407/214528.720:ERROR:process_reader_win.cc(151)] SuspendThread: Access is denied. (0x5)
[0407/214528.959:ERROR:process_reader_win.cc(151)] SuspendThread: Access is denied. (0x5)
[0407/214528.959:ERROR:process_reader_win.cc(151)] SuspendThread: Access is denied. (0x5)
[0407/214528.959:ERROR:process_reader_win.cc(123)] NtOpenThread: {Access Denied} A process has requested access to an object, but has not been granted those access rights. (0xc0000022)
[0407/214529.105:ERROR:exception_snapshot_win.cc(98)] thread ID 9012 not found in process
[0407/214528.976:ERROR:process_reader_win.cc(123)] NtOpenThread: {Access Denied} A process has requested access to an object, but has not been granted those access rights. (0xc0000022)
[0407/214529.105:ERROR:exception_snapshot_win.cc(98)] thread ID 4500 not found in process
[0407/214528.674:ERROR:process_reader_win.cc(123)] NtOpenThread: {Access Denied} A process has requested access to an object, but has not been granted those access rights. (0xc0000022)
[0407/214529.140:ERROR:exception_snapshot_win.cc(98)] thread ID 4468 not found in process
[0407/214529.302:ERROR:process_info.cc(329)] VirtualQueryEx: Access is denied. (0x5)
[0407/214529.303:ERROR:process_info.cc(556)] ReadMemoryInfo failed
[0407/214529.303:ERROR:scoped_process_suspend.cc(40)] NtResumeProcess: An attempt was made to access an exiting process. (0xc000010a)
[0407/214529.603:ERROR:process_info.cc(329)] VirtualQueryEx: Access is denied. (0x5)
[0407/214529.603:ERROR:process_info.cc(556)] ReadMemoryInfo failed
[0407/214529.604:ERROR:process_memory_win.cc(39)] Failed to initialize ProcessInfo.
[0407/214529.604:ERROR:scoped_process_suspend.cc(40)] NtResumeProcess: An attempt was made to access an exiting process. (0xc000010a)
[0407/214529.741:ERROR:process_reader_win.cc(151)] SuspendThread: Access is denied. (0x5)
[0407/214529.743:ERROR:process_reader_win.cc(151)] SuspendThread: Access is denied. (0x5)
[0407/214529.743:ERROR:process_reader_win.cc(123)] NtOpenThread: {Access Denied} A process has requested access to an object, but has not been granted those access rights. (0xc0000022)
[0407/214529.743:ERROR:exception_snapshot_win.cc(98)] thread ID 4464 not found in process
[0407/214529.842:ERROR:process_reader_win.cc(123)] NtOpenThread: {Access Denied} A process has requested access to an object, but has not been granted those access rights. (0xc0000022)
[0407/214529.844:ERROR:exception_snapshot_win.cc(98)] thread ID 2436 not found in process
[0407/214529.846:ERROR:process_reader_win.cc(123)] NtOpenThread: {Access Denied} A process has requested access to an object, but has not been granted those access rights. (0xc0000022)
[0407/214529.846:ERROR:exception_snapshot_win.cc(98)] thread ID 6968 not found in process
[0407/214529.882:ERROR:process_reader_win.cc(123)] NtOpenThread: {Access Denied} A process has requested access to an object, but has not been granted those access rights. (0xc0000022)
[0407/214529.882:ERROR:exception_snapshot_win.cc(98)] thread ID 4568 not found in process
[0407/214529.889:ERROR:process_reader_win.cc(123)] NtOpenThread: {Access Denied} A process has requested access to an object, but has not been granted those access rights. (0xc0000022)
[0407/214529.889:ERROR:exception_snapshot_win.cc(98)] thread ID 5976 not found in process
[0407/215008.484:ERROR:process_reader_win.cc(123)] NtOpenThread: {Access Denied} A process has requested access to an object, but has not been granted those access rights. (0xc0000022)
[0407/215008.485:ERROR:exception_snapshot_win.cc(98)] thread ID 1908 not found in process
[0407/215008.505:ERROR:process_info.cc(329)] VirtualQueryEx: Access is denied. (0x5)
[0407/215008.506:ERROR:process_info.cc(556)] ReadMemoryInfo failed
[0407/215008.506:ERROR:process_memory_win.cc(39)] Failed to initialize ProcessInfo.
[0407/215008.506:ERROR:scoped_process_suspend.cc(40)] NtResumeProcess: An attempt was made to access an exiting process. (0xc000010a)
[0407/215143.679:ERROR:process_reader_win.cc(123)] NtOpenThread: {Access Denied} A process has requested access to an object, but has not been granted those access rights. (0xc0000022)
[0407/215143.680:ERROR:exception_snapshot_win.cc(98)] thread ID 7852 not found in process
[0407/215143.817:ERROR:process_info.cc(329)] VirtualQueryEx: Access is denied. (0x5)
[0407/215143.817:ERROR:process_info.cc(556)] ReadMemoryInfo failed
[0407/215143.817:ERROR:process_memory_win.cc(39)] Failed to initialize ProcessInfo.
[0407/215143.817:ERROR:scoped_process_suspend.cc(40)] NtResumeProcess: An attempt was made to access an exiting process. (0xc000010a)
[0407/215357.133:ERROR:process_reader_win.cc(123)] NtOpenThread: {Access Denied} A process has requested access to an object, but has not been granted those access rights. (0xc0000022)
[0407/215357.134:ERROR:exception_snapshot_win.cc(98)] thread ID 5704 not found in process
[0407/215357.155:ERROR:process_info.cc(329)] VirtualQueryEx: Access is denied. (0x5)
[0407/215357.155:ERROR:process_info.cc(556)] ReadMemoryInfo failed
[0407/215357.155:ERROR:process_memory_win.cc(39)] Failed to initialize ProcessInfo.
[0407/215357.156:ERROR:scoped_process_suspend.cc(40)] NtResumeProcess: An attempt was made to access an exiting process. (0xc000010a)
[0408/001707.219:ERROR:process_reader_win.cc(123)] NtOpenThread: {Access Denied} A process has requested access to an object, but has not been granted those access rights. (0xc0000022)
[0408/001707.256:ERROR:exception_snapshot_win.cc(98)] thread ID 4268 not found in process
[0408/001707.280:ERROR:process_info.cc(329)] VirtualQueryEx: Access is denied. (0x5)
[0408/001707.280:ERROR:process_info.cc(556)] ReadMemoryInfo failed
[0408/001707.281:ERROR:process_memory_win.cc(39)] Failed to initialize ProcessInfo.
[0408/001707.281:ERROR:scoped_process_suspend.cc(40)] NtResumeProcess: An attempt was made to access an exiting process. (0xc000010a)
[0408/001707.215:ERROR:process_reader_win.cc(123)] NtOpenThread: {Access Denied} A process has requested access to an object, but has not been granted those access rights. (0xc0000022)
[0408/001707.328:ERROR:exception_snapshot_win.cc(98)] thread ID 4136 not found in process
[0408/001707.358:ERROR:process_info.cc(329)] VirtualQueryEx: Access is denied. (0x5)
[0408/001707.358:ERROR:process_info.cc(556)] ReadMemoryInfo failed
[0408/001707.358:ERROR:scoped_process_suspend.cc(40)] NtResumeProcess: An attempt was made to access an exiting process. (0xc000010a)
[0409/210027.490:ERROR:process_reader_win.cc(123)] NtOpenThread: {Access Denied} A process has requested access to an object, but has not been granted those access rights. (0xc0000022)
[0409/210027.512:ERROR:process_reader_win.cc(123)] NtOpenThread: {Access Denied} A process has requested access to an object, but has not been granted those access rights. (0xc0000022)
[0409/210027.677:ERROR:exception_snapshot_win.cc(98)] thread ID 6404 not found in process
[0409/210027.677:ERROR:exception_snapshot_win.cc(98)] thread ID 11736 not found in process
[0409/210027.731:ERROR:process_info.cc(329)] VirtualQueryEx: Access is denied. (0x5)
[0409/210027.731:ERROR:process_info.cc(556)] ReadMemoryInfo failed
[0409/210027.731:ERROR:process_memory_win.cc(39)] Failed to initialize ProcessInfo.
[0409/210027.731:ERROR:scoped_process_suspend.cc(40)] NtResumeProcess: An attempt was made to access an exiting process. (0xc000010a)
[0409/214550.726:ERROR:process_reader_win.cc(123)] NtOpenThread: {Access Denied} A process has requested access to an object, but has not been granted those access rights. (0xc0000022)
[0409/214550.919:ERROR:exception_snapshot_win.cc(98)] thread ID 8088 not found in process
[0409/214550.973:ERROR:process_reader_win.cc(123)] NtOpenThread: {Access Denied} A process has requested access to an object, but has not been granted those access rights. (0xc0000022)
[0409/214550.988:ERROR:exception_snapshot_win.cc(98)] thread ID 10940 not found in process
[0409/214551.061:ERROR:process_info.cc(329)] VirtualQueryEx: Access is denied. (0x5)
[0409/214551.061:ERROR:process_info.cc(556)] ReadMemoryInfo failed
[0409/214551.061:ERROR:process_memory_win.cc(39)] Failed to initialize ProcessInfo.
[0409/214551.062:ERROR:scoped_process_suspend.cc(40)] NtResumeProcess: An attempt was made to access an exiting process. (0xc000010a)
[0409/214551.206:ERROR:process_reader_win.cc(123)] NtOpenThread: {Access Denied} A process has requested access to an object, but has not been granted those access rights. (0xc0000022)
[0409/214551.206:ERROR:exception_snapshot_win.cc(98)] thread ID 9316 not found in process
[0409/214551.285:ERROR:scoped_process_suspend.cc(40)] NtResumeProcess: An attempt was made to access an exiting process. (0xc000010a)
[0409/233126.915:ERROR:process_reader_win.cc(151)] SuspendThread: Access is denied. (0x5)
[0409/233127.110:ERROR:process_reader_win.cc(151)] SuspendThread: Access is denied. (0x5)
[0409/233127.183:ERROR:process_reader_win.cc(151)] SuspendThread: Access is denied. (0x5)
[0409/233127.183:ERROR:process_reader_win.cc(151)] SuspendThread: Access is denied. (0x5)
[0409/233127.183:ERROR:process_reader_win.cc(151)] SuspendThread: Access is denied. (0x5)
[0409/233127.183:ERROR:process_reader_win.cc(151)] SuspendThread: Access is denied. (0x5)
[0409/233127.183:ERROR:process_reader_win.cc(151)] SuspendThread: Access is denied. (0x5)
[0409/233127.183:ERROR:process_reader_win.cc(151)] SuspendThread: Access is denied. (0x5)
[0409/233127.183:ERROR:process_reader_win.cc(123)] NtOpenThread: {Access Denied} A process has requested access to an object, but has not been granted those access rights. (0xc0000022)
[0409/233127.219:ERROR:exception_snapshot_win.cc(98)] thread ID 1248 not found in process
[0409/233127.238:ERROR:process_reader_win.cc(151)] SuspendThread: Access is denied. (0x5)
[0409/233127.240:ERROR:process_reader_win.cc(151)] SuspendThread: Access is denied. (0x5)
[0409/233127.240:ERROR:process_reader_win.cc(151)] SuspendThread: Access is denied. (0x5)
[0409/233127.240:ERROR:process_reader_win.cc(151)] SuspendThread: Access is denied. (0x5)
[0409/233127.240:ERROR:process_reader_win.cc(123)] NtOpenThread: {Access Denied} A process has requested access to an object, but has not been granted those access rights. (0xc0000022)
[0409/233127.240:ERROR:exception_snapshot_win.cc(98)] thread ID 11756 not found in process
[0409/233127.183:ERROR:process_reader_win.cc(123)] NtOpenThread: {Access Denied} A process has requested access to an object, but has not been granted those access rights. (0xc0000022)
[0409/233127.242:ERROR:exception_snapshot_win.cc(98)] thread ID 11908 not found in process
[0409/233127.350:ERROR:process_reader_win.cc(151)] SuspendThread: Access is denied. (0x5)
[0409/233127.351:ERROR:process_reader_win.cc(151)] SuspendThread: Access is denied. (0x5)
[0409/233127.351:ERROR:process_reader_win.cc(151)] SuspendThread: Access is denied. (0x5)
[0409/233127.351:ERROR:process_reader_win.cc(151)] SuspendThread: Access is denied. (0x5)
[0409/233127.351:ERROR:process_reader_win.cc(123)] NtOpenThread: {Access Denied} A process has requested access to an object, but has not been granted those access rights. (0xc0000022)
[0409/233127.352:ERROR:exception_snapshot_win.cc(98)] thread ID 10976 not found in process
[0409/233127.779:ERROR:process_reader_win.cc(123)] NtOpenThread: {Access Denied} A process has requested access to an object, but has not been granted those access rights. (0xc0000022)
[0409/233127.779:ERROR:exception_snapshot_win.cc(98)] thread ID 11912 not found in process
[0409/233127.954:ERROR:process_info.cc(329)] VirtualQueryEx: Access is denied. (0x5)
[0409/233127.954:ERROR:process_info.cc(556)] ReadMemoryInfo failed
[0409/233127.954:ERROR:process_memory_win.cc(39)] Failed to initialize ProcessInfo.
[0409/233127.964:ERROR:process_reader_win.cc(123)] NtOpenThread: {Access Denied} A process has requested access to an object, but has not been granted those access rights. (0xc0000022)
[0409/233127.964:ERROR:exception_snapshot_win.cc(98)] thread ID 11956 not found in process
[0409/233128.044:ERROR:process_info.cc(329)] VirtualQueryEx: Access is denied. (0x5)
[0409/233128.044:ERROR:process_info.cc(556)] ReadMemoryInfo failed
[0409/233128.044:ERROR:process_memory_win.cc(39)] Failed to initialize ProcessInfo.
[0409/233128.044:ERROR:scoped_process_suspend.cc(40)] NtResumeProcess: An attempt was made to access an exiting process. (0xc000010a)
[0409/233127.954:ERROR:scoped_process_suspend.cc(40)] NtResumeProcess: An attempt was made to access an exiting process. (0xc000010a)
[0409/235440.720:ERROR:process_reader_win.cc(123)] NtOpenThread: {Access Denied} A process has requested access to an object, but has not been granted those access rights. (0xc0000022)
[0409/235440.819:ERROR:exception_snapshot_win.cc(98)] thread ID 9516 not found in process
[0409/235440.893:ERROR:process_reader_win.cc(123)] NtOpenThread: {Access Denied} A process has requested access to an object, but has not been granted those access rights. (0xc0000022)
[0409/235440.936:ERROR:exception_snapshot_win.cc(98)] thread ID 3844 not found in process
[0409/235441.066:ERROR:process_info.cc(329)] VirtualQueryEx: Access is denied. (0x5)
[0409/235441.067:ERROR:process_info.cc(556)] ReadMemoryInfo failed
[0409/235441.075:ERROR:process_info.cc(329)] VirtualQueryEx: Access is denied. (0x5)
[0409/235441.076:ERROR:process_info.cc(556)] ReadMemoryInfo failed
[0409/235441.067:ERROR:scoped_process_suspend.cc(40)] NtResumeProcess: An attempt was made to access an exiting process. (0xc000010a)
[0409/235441.076:ERROR:scoped_process_suspend.cc(40)] NtResumeProcess: An attempt was made to access an exiting process. (0xc000010a)
[0409/235441.418:ERROR:process_reader_win.cc(123)] NtOpenThread: {Access Denied} A process has requested access to an object, but has not been granted those access rights. (0xc0000022)
[0409/235441.419:ERROR:exception_snapshot_win.cc(98)] thread ID 8388 not found in process
[0409/235441.463:ERROR:process_reader_win.cc(123)] NtOpenThread: {Access Denied} A process has requested access to an object, but has not been granted those access rights. (0xc0000022)
[0409/235441.464:ERROR:exception_snapshot_win.cc(98)] thread ID 8040 not found in process
[0409/235441.588:ERROR:process_info.cc(329)] VirtualQueryEx: Access is denied. (0x5)
[0409/235441.588:ERROR:process_info.cc(556)] ReadMemoryInfo failed
[0409/235441.588:ERROR:process_memory_win.cc(39)] Failed to initialize ProcessInfo.
[0409/235441.589:ERROR:scoped_process_suspend.cc(40)] NtResumeProcess: An attempt was made to access an exiting process. (0xc000010a)
[0409/235441.597:ERROR:process_info.cc(329)] VirtualQueryEx: Access is denied. (0x5)
[0409/235441.597:ERROR:process_info.cc(556)] ReadMemoryInfo failed
[0409/235441.597:ERROR:process_memory_win.cc(39)] Failed to initialize ProcessInfo.
[0409/235441.597:ERROR:scoped_process_suspend.cc(40)] NtResumeProcess: An attempt was made to access an exiting process. (0xc000010a)
